# Logfile created on 2014-01-13 14:29:30 -0500 by logger.rb/41954
I, [2014-01-13T14:29:30.877156 #6301]  INFO -- : 0:  rake (10.1.1) from /Users/Matt/.rvm/gems/ruby-2.0.0-p353@railstutorial_rails_4_0/specifications/rake-10.1.1.gemspec
I, [2014-01-13T14:29:30.877532 #6301]  INFO -- : 0:  i18n (0.6.9) from /Users/Matt/.rvm/gems/ruby-2.0.0-p353@railstutorial_rails_4_0/specifications/i18n-0.6.9.gemspec
I, [2014-01-13T14:29:30.877845 #6301]  INFO -- : 0:  minitest (4.7.5) from /Users/Matt/.rvm/gems/ruby-2.0.0-p353@railstutorial_rails_4_0/specifications/minitest-4.7.5.gemspec
I, [2014-01-13T14:29:30.878135 #6301]  INFO -- : 0:  multi_json (1.8.2) from /Users/Matt/.rvm/gems/ruby-2.0.0-p353@railstutorial_rails_4_0/specifications/multi_json-1.8.2.gemspec
I, [2014-01-13T14:29:30.878433 #6301]  INFO -- : 0:  atomic (1.1.14) from /Users/Matt/.rvm/gems/ruby-2.0.0-p353@railstutorial_rails_4_0/specifications/atomic-1.1.14.gemspec
I, [2014-01-13T14:29:30.878664 #6301]  INFO -- : 0:  thread_safe (0.1.3) from /Users/Matt/.rvm/gems/ruby-2.0.0-p353@railstutorial_rails_4_0/specifications/thread_safe-0.1.3.gemspec
I, [2014-01-13T14:29:30.878941 #6301]  INFO -- : 0:  tzinfo (0.3.38) from /Users/Matt/.rvm/gems/ruby-2.0.0-p353@railstutorial_rails_4_0/specifications/tzinfo-0.3.38.gemspec
I, [2014-01-13T14:29:30.879209 #6301]  INFO -- : 0:  activesupport (4.0.2) from /Users/Matt/.rvm/gems/ruby-2.0.0-p353@railstutorial_rails_4_0/specifications/activesupport-4.0.2.gemspec
I, [2014-01-13T14:29:30.879476 #6301]  INFO -- : 0:  builder (3.1.4) from /Users/Matt/.rvm/gems/ruby-2.0.0-p353@railstutorial_rails_4_0/specifications/builder-3.1.4.gemspec
I, [2014-01-13T14:29:30.879745 #6301]  INFO -- : 0:  erubis (2.7.0) from /Users/Matt/.rvm/gems/ruby-2.0.0-p353@railstutorial_rails_4_0/specifications/erubis-2.7.0.gemspec
I, [2014-01-13T14:29:30.880001 #6301]  INFO -- : 0:  rack (1.5.2) from /Users/Matt/.rvm/gems/ruby-2.0.0-p353@railstutorial_rails_4_0/specifications/rack-1.5.2.gemspec
I, [2014-01-13T14:29:30.880225 #6301]  INFO -- : 0:  rack-test (0.6.2) from /Users/Matt/.rvm/gems/ruby-2.0.0-p353@railstutorial_rails_4_0/specifications/rack-test-0.6.2.gemspec
I, [2014-01-13T14:29:30.880483 #6301]  INFO -- : 0:  actionpack (4.0.2) from /Users/Matt/.rvm/gems/ruby-2.0.0-p353@railstutorial_rails_4_0/specifications/actionpack-4.0.2.gemspec
I, [2014-01-13T14:29:30.880732 #6301]  INFO -- : 0:  mime-types (1.25.1) from /Users/Matt/.rvm/gems/ruby-2.0.0-p353@railstutorial_rails_4_0/specifications/mime-types-1.25.1.gemspec
I, [2014-01-13T14:29:30.880992 #6301]  INFO -- : 0:  polyglot (0.3.3) from /Users/Matt/.rvm/gems/ruby-2.0.0-p353@railstutorial_rails_4_0/specifications/polyglot-0.3.3.gemspec
I, [2014-01-13T14:29:30.881253 #6301]  INFO -- : 0:  treetop (1.4.15) from /Users/Matt/.rvm/gems/ruby-2.0.0-p353@railstutorial_rails_4_0/specifications/treetop-1.4.15.gemspec
I, [2014-01-13T14:29:30.881521 #6301]  INFO -- : 0:  mail (2.5.4) from /Users/Matt/.rvm/gems/ruby-2.0.0-p353@railstutorial_rails_4_0/specifications/mail-2.5.4.gemspec
I, [2014-01-13T14:29:30.881744 #6301]  INFO -- : 0:  actionmailer (4.0.2) from /Users/Matt/.rvm/gems/ruby-2.0.0-p353@railstutorial_rails_4_0/specifications/actionmailer-4.0.2.gemspec
I, [2014-01-13T14:29:30.882004 #6301]  INFO -- : 0:  activemodel (4.0.2) from /Users/Matt/.rvm/gems/ruby-2.0.0-p353@railstutorial_rails_4_0/specifications/activemodel-4.0.2.gemspec
I, [2014-01-13T14:29:30.882263 #6301]  INFO -- : 0:  activerecord-deprecated_finders (1.0.3) from /Users/Matt/.rvm/gems/ruby-2.0.0-p353@railstutorial_rails_4_0/specifications/activerecord-deprecated_finders-1.0.3.gemspec
I, [2014-01-13T14:29:30.882513 #6301]  INFO -- : 0:  arel (4.0.1) from /Users/Matt/.rvm/gems/ruby-2.0.0-p353@railstutorial_rails_4_0/specifications/arel-4.0.1.gemspec
I, [2014-01-13T14:29:30.882756 #6301]  INFO -- : 0:  activerecord (4.0.2) from /Users/Matt/.rvm/gems/ruby-2.0.0-p353@railstutorial_rails_4_0/specifications/activerecord-4.0.2.gemspec
I, [2014-01-13T14:29:30.883010 #6301]  INFO -- : 0:  bcrypt-ruby (3.1.2) from /Users/Matt/.rvm/gems/ruby-2.0.0-p353@railstutorial_rails_4_0/specifications/bcrypt-ruby-3.1.2.gemspec
I, [2014-01-13T14:29:30.883257 #6301]  INFO -- : 0:  sass (3.2.13) from /Users/Matt/.rvm/gems/ruby-2.0.0-p353@railstutorial_rails_4_0/specifications/sass-3.2.13.gemspec
I, [2014-01-13T14:29:30.883517 #6301]  INFO -- : 0:  bootstrap-sass (2.3.2.0) from /Users/Matt/.rvm/gems/ruby-2.0.0-p353@railstutorial_rails_4_0/specifications/bootstrap-sass-2.3.2.0.gemspec
I, [2014-01-13T14:29:30.883768 #6301]  INFO -- : 0:  will_paginate (3.0.4) from /Users/Matt/.rvm/gems/ruby-2.0.0-p353@railstutorial_rails_4_0/specifications/will_paginate-3.0.4.gemspec
I, [2014-01-13T14:29:30.884089 #6301]  INFO -- : 0:  bootstrap-will_paginate (0.0.9) from /Users/Matt/.rvm/gems/ruby-2.0.0-p353@railstutorial_rails_4_0/specifications/bootstrap-will_paginate-0.0.9.gemspec
I, [2014-01-13T14:29:30.884391 #6301]  INFO -- : 0:  bundler (1.5.1) from /Users/Matt/.rvm/gems/ruby-2.0.0-p353@railstutorial_rails_4_0/specifications/bundler-1.5.1.gemspec
I, [2014-01-13T14:29:30.884732 #6301]  INFO -- : 0:  mini_portile (0.5.2) from /Users/Matt/.rvm/gems/ruby-2.0.0-p353@railstutorial_rails_4_0/specifications/mini_portile-0.5.2.gemspec
I, [2014-01-13T14:29:30.885008 #6301]  INFO -- : 0:  nokogiri (1.6.1) from /Users/Matt/.rvm/gems/ruby-2.0.0-p353@railstutorial_rails_4_0/specifications/nokogiri-1.6.1.gemspec
I, [2014-01-13T14:29:30.885299 #6301]  INFO -- : 0:  xpath (2.0.0) from /Users/Matt/.rvm/gems/ruby-2.0.0-p353@railstutorial_rails_4_0/specifications/xpath-2.0.0.gemspec
I, [2014-01-13T14:29:30.885619 #6301]  INFO -- : 0:  capybara (2.1.0) from /Users/Matt/.rvm/gems/ruby-2.0.0-p353@railstutorial_rails_4_0/specifications/capybara-2.1.0.gemspec
I, [2014-01-13T14:29:30.885974 #6301]  INFO -- : 0:  timers (1.1.0) from /Users/Matt/.rvm/gems/ruby-2.0.0-p353@railstutorial_rails_4_0/specifications/timers-1.1.0.gemspec
I, [2014-01-13T14:29:30.886240 #6301]  INFO -- : 0:  celluloid (0.15.2) from /Users/Matt/.rvm/gems/ruby-2.0.0-p353@railstutorial_rails_4_0/specifications/celluloid-0.15.2.gemspec
I, [2014-01-13T14:29:30.886491 #6301]  INFO -- : 0:  ffi (1.9.3) from /Users/Matt/.rvm/gems/ruby-2.0.0-p353@railstutorial_rails_4_0/specifications/ffi-1.9.3.gemspec
I, [2014-01-13T14:29:30.886762 #6301]  INFO -- : 0:  childprocess (0.3.6) from /Users/Matt/.rvm/gems/ruby-2.0.0-p353@railstutorial_rails_4_0/specifications/childprocess-0.3.6.gemspec
I, [2014-01-13T14:29:30.886982 #6301]  INFO -- : 0:  coderay (1.1.0) from /Users/Matt/.rvm/gems/ruby-2.0.0-p353@railstutorial_rails_4_0/specifications/coderay-1.1.0.gemspec
I, [2014-01-13T14:29:30.887242 #6301]  INFO -- : 0:  coffee-script-source (1.6.3) from /Users/Matt/.rvm/gems/ruby-2.0.0-p353@railstutorial_rails_4_0/specifications/coffee-script-source-1.6.3.gemspec
I, [2014-01-13T14:29:30.887613 #6301]  INFO -- : 0:  execjs (2.0.2) from /Users/Matt/.rvm/gems/ruby-2.0.0-p353@railstutorial_rails_4_0/specifications/execjs-2.0.2.gemspec
I, [2014-01-13T14:29:30.888075 #6301]  INFO -- : 0:  coffee-script (2.2.0) from /Users/Matt/.rvm/gems/ruby-2.0.0-p353@railstutorial_rails_4_0/specifications/coffee-script-2.2.0.gemspec
I, [2014-01-13T14:29:30.888558 #6301]  INFO -- : 0:  thor (0.18.1) from /Users/Matt/.rvm/gems/ruby-2.0.0-p353@railstutorial_rails_4_0/specifications/thor-0.18.1.gemspec
I, [2014-01-13T14:29:30.888954 #6301]  INFO -- : 0:  railties (4.0.2) from /Users/Matt/.rvm/gems/ruby-2.0.0-p353@railstutorial_rails_4_0/specifications/railties-4.0.2.gemspec
I, [2014-01-13T14:29:30.889264 #6301]  INFO -- : 0:  coffee-rails (4.0.1) from /Users/Matt/.rvm/gems/ruby-2.0.0-p353@railstutorial_rails_4_0/specifications/coffee-rails-4.0.1.gemspec
I, [2014-01-13T14:29:30.889674 #6301]  INFO -- : 0:  diff-lcs (1.2.5) from /Users/Matt/.rvm/gems/ruby-2.0.0-p353@railstutorial_rails_4_0/specifications/diff-lcs-1.2.5.gemspec
I, [2014-01-13T14:29:30.890150 #6301]  INFO -- : 0:  factory_girl (4.2.0) from /Users/Matt/.rvm/gems/ruby-2.0.0-p353@railstutorial_rails_4_0/specifications/factory_girl-4.2.0.gemspec
I, [2014-01-13T14:29:30.890593 #6301]  INFO -- : 0:  factory_girl_rails (4.2.1) from /Users/Matt/.rvm/gems/ruby-2.0.0-p353@railstutorial_rails_4_0/specifications/factory_girl_rails-4.2.1.gemspec
I, [2014-01-13T14:29:30.891110 #6301]  INFO -- : 0:  faker (1.1.2) from /Users/Matt/.rvm/gems/ruby-2.0.0-p353@railstutorial_rails_4_0/specifications/faker-1.1.2.gemspec
I, [2014-01-13T14:29:30.891594 #6301]  INFO -- : 0:  formatador (0.2.4) from /Users/Matt/.rvm/gems/ruby-2.0.0-p353@railstutorial_rails_4_0/specifications/formatador-0.2.4.gemspec
I, [2014-01-13T14:29:30.892078 #6301]  INFO -- : 0:  growl (1.0.3) from /Users/Matt/.rvm/gems/ruby-2.0.0-p353@railstutorial_rails_4_0/specifications/growl-1.0.3.gemspec
I, [2014-01-13T14:29:30.892453 #6301]  INFO -- : 0:  rb-fsevent (0.9.3) from /Users/Matt/.rvm/gems/ruby-2.0.0-p353@railstutorial_rails_4_0/specifications/rb-fsevent-0.9.3.gemspec
I, [2014-01-13T14:29:30.892772 #6301]  INFO -- : 0:  rb-inotify (0.9.3) from /Users/Matt/.rvm/gems/ruby-2.0.0-p353@railstutorial_rails_4_0/specifications/rb-inotify-0.9.3.gemspec
I, [2014-01-13T14:29:30.893071 #6301]  INFO -- : 0:  listen (2.4.0) from /Users/Matt/.rvm/gems/ruby-2.0.0-p353@railstutorial_rails_4_0/specifications/listen-2.4.0.gemspec
I, [2014-01-13T14:29:30.893419 #6301]  INFO -- : 0:  lumberjack (1.0.4) from /Users/Matt/.rvm/gems/ruby-2.0.0-p353@railstutorial_rails_4_0/specifications/lumberjack-1.0.4.gemspec
I, [2014-01-13T14:29:30.893751 #6301]  INFO -- : 0:  method_source (0.8.2) from /Users/Matt/.rvm/gems/ruby-2.0.0-p353@railstutorial_rails_4_0/specifications/method_source-0.8.2.gemspec
I, [2014-01-13T14:29:30.894066 #6301]  INFO -- : 0:  slop (3.4.7) from /Users/Matt/.rvm/gems/ruby-2.0.0-p353@railstutorial_rails_4_0/specifications/slop-3.4.7.gemspec
I, [2014-01-13T14:29:30.894344 #6301]  INFO -- : 0:  pry (0.9.12.4) from /Users/Matt/.rvm/gems/ruby-2.0.0-p353@railstutorial_rails_4_0/specifications/pry-0.9.12.4.gemspec
I, [2014-01-13T14:29:30.894723 #6301]  INFO -- : 0:  guard (2.2.5) from /Users/Matt/.rvm/gems/ruby-2.0.0-p353@railstutorial_rails_4_0/specifications/guard-2.2.5.gemspec
I, [2014-01-13T14:29:30.895195 #6301]  INFO -- : 0:  rspec-core (2.13.1) from /Users/Matt/.rvm/gems/ruby-2.0.0-p353@railstutorial_rails_4_0/specifications/rspec-core-2.13.1.gemspec
I, [2014-01-13T14:29:30.895648 #6301]  INFO -- : 0:  rspec-expectations (2.13.0) from /Users/Matt/.rvm/gems/ruby-2.0.0-p353@railstutorial_rails_4_0/specifications/rspec-expectations-2.13.0.gemspec
I, [2014-01-13T14:29:30.896056 #6301]  INFO -- : 0:  rspec-mocks (2.13.1) from /Users/Matt/.rvm/gems/ruby-2.0.0-p353@railstutorial_rails_4_0/specifications/rspec-mocks-2.13.1.gemspec
I, [2014-01-13T14:29:30.896447 #6301]  INFO -- : 0:  rspec (2.13.0) from /Users/Matt/.rvm/gems/ruby-2.0.0-p353@railstutorial_rails_4_0/specifications/rspec-2.13.0.gemspec
I, [2014-01-13T14:29:30.896788 #6301]  INFO -- : 0:  guard-rspec (2.5.0) from /Users/Matt/.rvm/gems/ruby-2.0.0-p353@railstutorial_rails_4_0/specifications/guard-rspec-2.5.0.gemspec
I, [2014-01-13T14:29:30.897114 #6301]  INFO -- : 0:  spork (1.0.0rc4) from /Users/Matt/.rvm/gems/ruby-2.0.0-p353@railstutorial_rails_4_0/specifications/spork-1.0.0rc4.gemspec
I, [2014-01-13T14:29:30.897398 #6301]  INFO -- : 0:  guard-spork (1.5.0) from /Users/Matt/.rvm/gems/ruby-2.0.0-p353@railstutorial_rails_4_0/specifications/guard-spork-1.5.0.gemspec
I, [2014-01-13T14:29:30.897748 #6301]  INFO -- : 0:  hike (1.2.3) from /Users/Matt/.rvm/gems/ruby-2.0.0-p353@railstutorial_rails_4_0/specifications/hike-1.2.3.gemspec
I, [2014-01-13T14:29:30.898036 #6301]  INFO -- : 0:  jbuilder (1.0.2) from /Users/Matt/.rvm/gems/ruby-2.0.0-p353@railstutorial_rails_4_0/specifications/jbuilder-1.0.2.gemspec
I, [2014-01-13T14:29:30.898317 #6301]  INFO -- : 0:  jquery-rails (3.0.4) from /Users/Matt/.rvm/gems/ruby-2.0.0-p353@railstutorial_rails_4_0/specifications/jquery-rails-3.0.4.gemspec
I, [2014-01-13T14:29:30.898584 #6301]  INFO -- : 0:  json (1.8.1) from /Users/Matt/.rvm/gems/ruby-2.0.0-p353@railstutorial_rails_4_0/specifications/json-1.8.1.gemspec
I, [2014-01-13T14:29:30.898813 #6301]  INFO -- : 0:  pg (0.15.1) from /Users/Matt/.rvm/gems/ruby-2.0.0-p353@railstutorial_rails_4_0/specifications/pg-0.15.1.gemspec
I, [2014-01-13T14:29:30.899084 #6301]  INFO -- : 0:  tilt (1.4.1) from /Users/Matt/.rvm/gems/ruby-2.0.0-p353@railstutorial_rails_4_0/specifications/tilt-1.4.1.gemspec
I, [2014-01-13T14:29:30.899346 #6301]  INFO -- : 0:  sprockets (2.10.1) from /Users/Matt/.rvm/gems/ruby-2.0.0-p353@railstutorial_rails_4_0/specifications/sprockets-2.10.1.gemspec
I, [2014-01-13T14:29:30.899609 #6301]  INFO -- : 0:  sprockets-rails (2.0.1) from /Users/Matt/.rvm/gems/ruby-2.0.0-p353@railstutorial_rails_4_0/specifications/sprockets-rails-2.0.1.gemspec
I, [2014-01-13T14:29:30.899871 #6301]  INFO -- : 0:  rails (4.0.2) from /Users/Matt/.rvm/gems/ruby-2.0.0-p353@railstutorial_rails_4_0/specifications/rails-4.0.2.gemspec
I, [2014-01-13T14:29:30.900123 #6301]  INFO -- : 0:  rails_serve_static_assets (0.0.2) from /Users/Matt/.rvm/gems/ruby-2.0.0-p353@railstutorial_rails_4_0/specifications/rails_serve_static_assets-0.0.2.gemspec
I, [2014-01-13T14:29:30.900345 #6301]  INFO -- : 0:  rails_stdout_logging (0.0.3) from /Users/Matt/.rvm/gems/ruby-2.0.0-p353@railstutorial_rails_4_0/specifications/rails_stdout_logging-0.0.3.gemspec
I, [2014-01-13T14:29:30.900604 #6301]  INFO -- : 0:  rails_12factor (0.0.2) from /Users/Matt/.rvm/gems/ruby-2.0.0-p353@railstutorial_rails_4_0/specifications/rails_12factor-0.0.2.gemspec
I, [2014-01-13T14:29:30.900899 #6301]  INFO -- : 0:  rdoc (3.12.2) from /Users/Matt/.rvm/gems/ruby-2.0.0-p353@railstutorial_rails_4_0/specifications/rdoc-3.12.2.gemspec
I, [2014-01-13T14:29:30.901245 #6301]  INFO -- : 0:  rspec-rails (2.13.1) from /Users/Matt/.rvm/gems/ruby-2.0.0-p353@railstutorial_rails_4_0/specifications/rspec-rails-2.13.1.gemspec
I, [2014-01-13T14:29:30.901569 #6301]  INFO -- : 0:  rubyzip (0.9.9) from /Users/Matt/.rvm/gems/ruby-2.0.0-p353@railstutorial_rails_4_0/specifications/rubyzip-0.9.9.gemspec
I, [2014-01-13T14:29:30.901833 #6301]  INFO -- : 0:  sass-rails (4.0.1) from /Users/Matt/.rvm/gems/ruby-2.0.0-p353@railstutorial_rails_4_0/specifications/sass-rails-4.0.1.gemspec
I, [2014-01-13T14:29:30.902159 #6301]  INFO -- : 0:  sdoc (0.3.20) from /Users/Matt/.rvm/gems/ruby-2.0.0-p353@railstutorial_rails_4_0/specifications/sdoc-0.3.20.gemspec
I, [2014-01-13T14:29:30.902417 #6301]  INFO -- : 0:  websocket (1.0.7) from /Users/Matt/.rvm/gems/ruby-2.0.0-p353@railstutorial_rails_4_0/specifications/websocket-1.0.7.gemspec
I, [2014-01-13T14:29:30.902756 #6301]  INFO -- : 0:  selenium-webdriver (2.35.1) from /Users/Matt/.rvm/gems/ruby-2.0.0-p353@railstutorial_rails_4_0/specifications/selenium-webdriver-2.35.1.gemspec
I, [2014-01-13T14:29:30.903069 #6301]  INFO -- : 0:  spork-rails (4.0.0) from /Users/Matt/.rvm/gems/ruby-2.0.0-p353@railstutorial_rails_4_0/specifications/spork-rails-4.0.0.gemspec
I, [2014-01-13T14:29:30.903368 #6301]  INFO -- : 0:  sqlite3 (1.3.8) from /Users/Matt/.rvm/gems/ruby-2.0.0-p353@railstutorial_rails_4_0/specifications/sqlite3-1.3.8.gemspec
I, [2014-01-13T14:29:30.903621 #6301]  INFO -- : 0:  turbolinks (1.1.1) from /Users/Matt/.rvm/gems/ruby-2.0.0-p353@railstutorial_rails_4_0/specifications/turbolinks-1.1.1.gemspec
I, [2014-01-13T14:29:30.903868 #6301]  INFO -- : 0:  uglifier (2.1.1) from /Users/Matt/.rvm/gems/ruby-2.0.0-p353@railstutorial_rails_4_0/specifications/uglifier-2.1.1.gemspec
